Build started 12/24/2013 10:41:41 PM.
     1>Project "E:\C Code Project Rubiks Cube\Rubik_s Cube\Rubik's Cube\bgi.vcxproj" on node 2 (Build target(s)).
     1>ClCompile:
         C:\Program Files (x86)\Microsoft Visual Studio 11.0\VC\bin\CL.exe /c /ZI /nologo /W3 /WX- /Od /Oy- /D _MBCS /Gm /EHsc /RTC1 /MDd /GS /fp:precise /Zc:wchar_t /Zc:forScope /Fo"Debug\\" /Fd"Debug\vc110.pdb" /Gd /TP /analyze- /errorReport:prompt Source.cpp
         Source.cpp
     1>e:\c code project rubiks cube\rubik_s cube\rubik's cube\source.cpp(152): warning C4244: 'argument' : conversion from 'time_t' to 'unsigned int', possible loss of data
       Link:
         C:\Program Files (x86)\Microsoft Visual Studio 11.0\VC\bin\link.exe /ERRORREPORT:PROMPT /OUT:"E:\C Code Project Rubiks Cube\Rubik_s Cube\Rubik's Cube\Debug\Rubik's Cube.exe" /INCREMENTAL /NOLOGO kernel32.lib user32.lib gdi32.lib winspool.lib comdlg32.lib advapi32.lib shell32.lib ole32.lib oleaut32.lib uuid.lib odbc32.lib odbccp32.lib /MANIFEST /MANIFESTUAC:"level='asInvoker' uiAccess='false'" /manifest:embed /DEBUG /PDB:"E:\C Code Project Rubiks Cube\Rubik_s Cube\Rubik's Cube\Debug\Rubik's Cube.pdb" /TLBID:1 /DYNAMICBASE /NXCOMPAT /IMPLIB:"E:\C Code Project Rubiks Cube\Rubik_s Cube\Rubik's Cube\Debug\Rubik's Cube.lib" /MACHINE:X86 Debug\Source.obj
         Debug\bgiout.obj
         Debug\dibutil.obj
         Debug\drawing.obj
         Debug\file.obj
         Debug\misc.obj
         Debug\mouse.obj
         Debug\palette.obj
         Debug\main.obj
         Debug\text.obj
         Debug\winbgi.obj
         Debug\winthread.obj
         bgi.vcxproj -> E:\C Code Project Rubiks Cube\Rubik_s Cube\Rubik's Cube\Debug\Rubik's Cube.exe
     1>Done Building Project "E:\C Code Project Rubiks Cube\Rubik_s Cube\Rubik's Cube\bgi.vcxproj" (Build target(s)).

Build succeeded.

Time Elapsed 00:00:07.34
